Added Component: Designator=CN(HX5.08-5L)
Add component. Clean all parameters for all variants
Added Component: Designator=D1(TO220V)
Add component. Clean all parameters for all variants
Added Component: Designator=D2(TO220V)
Add component. Clean all parameters for all variants
Added Component: Designator=D3(TO220V)
Add component. Clean all parameters for all variants
Added Component: Designator=D4(TO220V)
Add component. Clean all parameters for all variants
Added Pin To Net: NetName=NetCN_1 Pin=CN-1
Added Pin To Net: NetName=NetCN_1 Pin=D1-3
Added Pin To Net: NetName=NetCN_1 Pin=D4-3
Added Net: Name=NetCN_1
Added Pin To Net: NetName=NetCN_2 Pin=CN-2
Added Pin To Net: NetName=NetCN_2 Pin=D1-1
Added Pin To Net: NetName=NetCN_2 Pin=D2-3
Added Net: Name=NetCN_2
Added Pin To Net: NetName=NetCN_3 Pin=CN-3
Added Pin To Net: NetName=NetCN_3 Pin=D3-3
Added Pin To Net: NetName=NetCN_3 Pin=D4-1
Added Net: Name=NetCN_3
Added Pin To Net: NetName=NetCN_5 Pin=CN-5
Added Pin To Net: NetName=NetCN_5 Pin=D2-1
Added Pin To Net: NetName=NetCN_5 Pin=D3-1
Added Net: Name=NetCN_5
Added Class: Name=Sheet1
Added Room: Name=Sheet1
